[2024-11-07 16:46:25,864][__main__][WARNING] - Warning!: no classes or prototypes are specified!
[2024-11-07 16:46:25,865][__main__][INFO] - Hostname: "rudin-01"
Python version: 3.9.20 (main, Oct  3 2024, 07:27:41) 
[GCC 11.2.0]
Start time: 07/11/2024 16:46:25
Cuda visible devices: 0
Command: main.py experiment_name="second_round" +experiment=natural_aggregation debug.path_to_model="/usr/xtmp/zg78/protodbug/saved_models/cub200_clean_top20/firstExperiment__vgg16__cub200_clean_top20__e=15__we=5__位fix=0.0__+experiment=natural_base/14push0.6274.pth.tar"
[2024-11-07 16:46:26,292][__main__][INFO] - Using cuda device
[2024-11-07 16:48:38,573][__main__][INFO] -   training set size: 18000
[2024-11-07 16:48:38,573][__main__][INFO] -   push set size:     600
[2024-11-07 16:48:38,573][__main__][INFO] -   test set size:     569
[2024-11-07 16:48:38,573][__main__][INFO] - construct the model
[2024-11-07 16:48:39,008][__main__][INFO] - load model parameters from /usr/xtmp/zg78/protodbug/saved_models/cub200_clean_top20/firstExperiment__vgg16__cub200_clean_top20__e=15__we=5__位fix=0.0__+experiment=natural_base/14push0.6274.pth.tar
[2024-11-07 16:48:39,135][__main__][INFO] - 	test
[2024-11-07 16:49:21,885][__main__][INFO] - 
[[ 1  1  1  0  1  0  0  0 20  0  0  0  0  0  4  0  1  1  0  0]
 [ 1  5  3  0  0  0  1  0 11  0  0  1  2  0  3  0  0  1  2  0]
 [ 1  0  5  0  0  0  0  0  1  0  0  0  0  0  2  0  1  0  1  0]
 [ 2  2  0 17  0  0  0  0  4  0  0  0  1  0  3  0  1  0  0  0]
 [ 2  0  2  0  2  3  1  4  7  0  0  0  0  1  3  1  0  0  3  0]
 [ 1  0  1  0  3  9  1  0  6  3  0  0  1  0  2  0  1  0  2  0]
 [ 2  0  1  0  0  0  7  0 11  0  0  0  2  0  2  0  4  0  0  0]
 [ 0  0  0  0  2  0  0 15  3  0  0  0  6  0  3  0  1  0  0  0]
 [ 1  0  2  0  0  0  0  0 17  0  1  0  3  0  5  0  0  0  1  0]
 [ 1  0  1  0  0  0  0  0  5 14  1  0  2  0  4  1  0  0  1  0]
 [ 3  1  1  0  0  0  1  0  6  0 14  0  2  0  1  0  0  0  0  1]
 [ 2  0  0  0  0  0  1  0 11  0  0  7  4  0  1  0  3  0  1  0]
 [ 1  0  0  0  0  0  0  0  2  0  0  0 14  0  2  0  1  0  0  0]
 [ 0  0  2  0  1  0  0  0  6  1  2  0  4  8  4  0  2  0  0  0]
 [ 0  0  2  1  0  0  0  2  3  0  3  0  4  0 13  0  1  0  1  0]
 [ 2  0  2  0  0  0  1  0  8  1  0  0  4  0  5  4  1  0  2  0]
 [ 0  0  2  0  0  0  2  0  4  0  0  0  5  0  4  0 12  0  0  1]
 [ 0  1  1  0  0  0  0  1  3  0  0  0  0  0  1  0  0 22  1  0]
 [ 0  1  2  0  1  0  0  0  1  0  0  0  1  0  5  0  2  0 17  0]
 [ 0  0  2  0  0  0  2  0  2  0  1  0  2  0  5  0  1  0  1 14]]
[2024-11-07 16:49:21,896][__main__][INFO] - 
              precision    recall  f1-score   support

           0       0.05      0.03      0.04        30
           1       0.45      0.17      0.24        30
           2       0.17      0.45      0.24        11
           3       0.94      0.57      0.71        30
           4       0.20      0.07      0.10        29
           5       0.75      0.30      0.43        30
           6       0.41      0.24      0.30        29
           7       0.68      0.50      0.58        30
           8       0.13      0.57      0.21        30
           9       0.74      0.47      0.57        30
          10       0.64      0.47      0.54        30
          11       0.88      0.23      0.37        30
          12       0.25      0.70      0.36        20
          13       0.89      0.27      0.41        30
          14       0.18      0.43      0.25        30
          15       0.67      0.13      0.22        30
          16       0.38      0.40      0.39        30
          17       0.92      0.73      0.81        30
          18       0.52      0.57      0.54        30
          19       0.88      0.47      0.61        30

    accuracy                           0.38       569
   macro avg       0.54      0.39      0.40       569
weighted avg       0.55      0.38      0.40       569

[2024-11-07 16:49:21,907][__main__][INFO] - 
+---------+-------+-------+------+-----------+---------+------------+---------+-----------------+------------------+-----------+-------+-----------+------+-----+------+------+
|  epoch  | tr/te |  time | loss | cross_ent | cluster | separation | avg_sep | forgetting_loss | remembering_loss | fix_other |   l1  | dist_pair | accu |  f1 |  rc  |  pr  |
+---------+-------+-------+------+-----------+---------+------------+---------+-----------------+------------------+-----------+-------+-----------+------+-----+------+------+
| debug e |   TE  | 42.69 | 0.0  |     0     |    0    |     0      |    0    |        0        |        0         |     0     | 420.0 |   17.48   | 0.38 | 0.4 | 0.39 | 0.54 |
+---------+-------+-------+------+-----------+---------+------------+---------+-----------------+------------------+-----------+-------+-----------+------+-----+------+------+
[2024-11-07 16:49:21,908][__main__][INFO] - start training the model
[2024-11-07 16:49:21,908][__main__][INFO] - epoch: 	0 / 5
[2024-11-07 16:49:21,909][__main__][INFO] - 	warm
[2024-11-07 16:49:21,909][__main__][INFO] - 	train
[2024-11-07 19:43:16,150][__main__][WARNING] - Warning!: no classes or prototypes are specified!
[2024-11-07 19:43:16,151][__main__][INFO] - Hostname: "rudin-01"
Python version: 3.9.20 (main, Oct  3 2024, 07:27:41) 
[GCC 11.2.0]
Start time: 07/11/2024 19:43:16
Cuda visible devices: 0
Command: main.py experiment_name="second_round" +experiment=natural_aggregation debug.path_to_model="/usr/xtmp/zg78/protodbug/saved_models/cub200_clean_top20/firstExperiment__vgg16__cub200_clean_top20__e=15__we=5__位fix=0.0__+experiment=natural_base/14push0.6274.pth.tar"
[2024-11-07 19:43:16,817][__main__][INFO] - Using cuda device
[2024-11-07 19:45:31,246][__main__][INFO] -   training set size: 18000
[2024-11-07 19:45:31,247][__main__][INFO] -   push set size:     600
[2024-11-07 19:45:31,247][__main__][INFO] -   test set size:     569
[2024-11-07 19:45:31,247][__main__][INFO] - construct the model
[2024-11-07 19:45:31,761][__main__][INFO] - load model parameters from /usr/xtmp/zg78/protodbug/saved_models/cub200_clean_top20/firstExperiment__vgg16__cub200_clean_top20__e=15__we=5__位fix=0.0__+experiment=natural_base/14push0.6274.pth.tar
[2024-11-07 19:45:31,932][__main__][INFO] - 	test
[2024-11-07 19:45:34,899][__main__][INFO] - 
[[ 0  0  0  0  0  0  0  0 30  0  0  0  0  0  0  0  0  0  0  0]
 [ 0 14  0  1  0  1  0  0 13  0  0  0  0  0  0  0  0  0  1  0]
 [ 0  0  9  0  0  0  0  0  1  0  0  0  0  0  0  0  0  0  1  0]
 [ 0  2  0 23  0  0  0  0  5  0  0  0  0  0  0  0  0  0  0  0]
 [ 0  0  0  0  3  4  4  2  9  1  0  0  0  1  0  0  0  0  5  0]
 [ 0  0  0  0  1 14  0  0  9  2  0  0  0  0  0  0  0  0  4  0]
 [ 0  0  0  0  1  0 10  0 14  0  0  0  0  0  0  0  4  0  0  0]
 [ 0  0  0  0  0  0  0 26  3  0  0  0  0  0  0  0  1  0  0  0]
 [ 0  0  0  0  0  0  0  0 30  0  0  0  0  0  0  0  0  0  0  0]
 [ 1  0  0  0  0  0  0  0  8 18  1  0  0  0  0  0  0  0  2  0]
 [ 0  0  0  0  0  0  0  0  9  0 19  0  0  1  0  0  0  0  0  1]
 [ 0  1  0  0  0  0  0  0 19  0  0  9  0  0  1  0  0  0  0  0]
 [ 0  0  0  0  0  0  0  0  2  0  0  0 18  0  0  0  0  0  0  0]
 [ 0  0  0  0  0  0  0  0  5  0  0  0  0 25  0  0  0  0  0  0]
 [ 0  0  0  1  0  0  1  0  7  0  1  0  0  0 20  0  0  0  0  0]
 [ 0  0  0  0  0  0  0  0 17  0  1  0  0  0  0 12  0  0  0  0]
 [ 0  0  0  0  0  0  1  0  6  0  0  0  0  0  0  0 23  0  0  0]
 [ 0  0  0  0  0  0  0  0  4  0  0  0  0  0  0  0  0 26  0  0]
 [ 0  0  0  0  0  0  0  0  2  0  0  0  0  0  0  0  0  0 28  0]
 [ 0  0  0  0  0  0  0  0  2  0  0  0  0  0  0  0  0  0  0 28]]
[2024-11-07 19:45:34,909][__main__][INFO] - 
              precision    recall  f1-score   support

           0       0.00      0.00      0.00        30
           1       0.82      0.47      0.60        30
           2       1.00      0.82      0.90        11
           3       0.92      0.77      0.84        30
           4       0.60      0.10      0.18        29
           5       0.74      0.47      0.57        30
           6       0.62      0.34      0.44        29
           7       0.93      0.87      0.90        30
           8       0.15      1.00      0.27        30
           9       0.86      0.60      0.71        30
          10       0.86      0.63      0.73        30
          11       1.00      0.30      0.46        30
          12       1.00      0.90      0.95        20
          13       0.93      0.83      0.88        30
          14       0.95      0.67      0.78        30
          15       1.00      0.40      0.57        30
          16       0.82      0.77      0.79        30
          17       1.00      0.87      0.93        30
          18       0.68      0.93      0.79        30
          19       0.97      0.93      0.95        30

    accuracy                           0.62       569
   macro avg       0.79      0.63      0.66       569
weighted avg       0.78      0.62      0.65       569

[2024-11-07 19:45:34,921][__main__][INFO] - 
+---------+-------+------+------+-----------+---------+------------+---------+-----------------+------------------+-----------+-------+-----------+------+------+------+------+
|  epoch  | tr/te | time | loss | cross_ent | cluster | separation | avg_sep | forgetting_loss | remembering_loss | fix_other |   l1  | dist_pair | accu |  f1  |  rc  |  pr  |
+---------+-------+------+------+-----------+---------+------------+---------+-----------------+------------------+-----------+-------+-----------+------+------+------+------+
| debug e |   TE  | 2.93 | 0.0  |     0     |    0    |     0      |    0    |        0        |        0         |     0     | 420.0 |   17.48   | 0.62 | 0.66 | 0.63 | 0.79 |
+---------+-------+------+------+-----------+---------+------------+---------+-----------------+------------------+-----------+-------+-----------+------+------+------+------+
[2024-11-07 19:45:34,921][__main__][INFO] - start training the model
[2024-11-07 19:45:34,922][__main__][INFO] - epoch: 	0 / 5
[2024-11-07 19:45:34,922][__main__][INFO] - 	warm
[2024-11-07 19:45:34,923][__main__][INFO] - 	train
[2024-11-07 19:49:23,160][__main__][INFO] - 
[[900   0   0   0   0   0   0   0   0   0   0   0   0   0   0   0   0   0
    0   0]
 [  0 900   0   0   0   0   0   0   0   0   0   0   0   0   0   0   0   0
    0   0]
 [  0   0 900   0   0   0   0   0   0   0   0   0   0   0   0   0   0   0
    0   0]
 [  0   0   0 900   0   0   0   0   0   0   0   0   0   0   0   0   0   0
    0   0]
 [  0   0   0   0 897   2   0   0   0   0   0   0   0   1   0   0   0   0
    0   0]
 [  0   0   0   0   0 900   0   0   0   0   0   0   0   0   0   0   0   0
    0   0]
 [  0   0   0   0  11   0 887   0   0   0   0   0   0   0   0   0   0   0
    2   0]
 [  0   0   0   0   0   0   0 900   0   0   0   0   0   0   0   0   0   0
    0   0]
 [  0   0   0   0   0   0   0   0 900   0   0   0   0   0   0   0   0   0
    0   0]
 [  1   0   0   0   0   0   0   0   0 899   0   0   0   0   0   0   0   0
    0   0]
 [  0   0   0   0   0   0   0   0   0   0 900   0   0   0   0   0   0   0
    0   0]
 [  0   0   0   0   0   0   0   0   0   0   0 900   0   0   0   0   0   0
    0   0]
 [  0   0   0   0   0   0   0   0   0   0   0   0 900   0   0   0   0   0
    0   0]
 [  0   0   0   0   1   0   0   0   0   0   0   0   0 899   0   0   0   0
    0   0]
 [  0   0   0   0   0   0   0   0   0   0   0   0   0   0 900   0   0   0
    0   0]
 [  0   0   0   0   0   0   0   0   0   0   0   0   0   0   0 900   0   0
    0   0]
 [  0   0   0   0   0   0   0   0   0   0   0   0   0   0   0   0 900   0
    0   0]
 [  0   0   0   0   0   0   0   0   0   0   0   0   0   0   0   0   0 900
    0   0]
 [  0   0   0   0   0   0   0   0   0   0   0   0   0   0   0   1   0   0
  899   0]
 [  0   0   0   0  11   0   0   0   0   0   0   0   0   0   0   0   0   0
    0 889]]
[2024-11-07 19:49:23,188][__main__][INFO] - 
              precision    recall  f1-score   support

           0       1.00      1.00      1.00       900
           1       1.00      1.00      1.00       900
           2       1.00      1.00      1.00       900
           3       1.00      1.00      1.00       900
           4       0.97      1.00      0.99       900
           5       1.00      1.00      1.00       900
           6       1.00      0.99      0.99       900
           7       1.00      1.00      1.00       900
           8       1.00      1.00      1.00       900
           9       1.00      1.00      1.00       900
          10       1.00      1.00      1.00       900
          11       1.00      1.00      1.00       900
          12       1.00      1.00      1.00       900
          13       1.00      1.00      1.00       900
          14       1.00      1.00      1.00       900
          15       1.00      1.00      1.00       900
          16       1.00      1.00      1.00       900
          17       1.00      1.00      1.00       900
          18       1.00      1.00      1.00       900
          19       1.00      0.99      0.99       900

    accuracy                           1.00     18000
   macro avg       1.00      1.00      1.00     18000
weighted avg       1.00      1.00      1.00     18000

[2024-11-07 19:49:23,223][__main__][INFO] - 	test
[2024-11-07 19:49:25,727][__main__][INFO] - 
[[ 0  0  0  0  0  0  0  0 30  0  0  0  0  0  0  0  0  0  0  0]
 [ 1 13  0  1  0  1  0  0 13  0  0  0  0  0  0  0  0  0  1  0]
 [ 1  0 10  0  0  0  0  0  0  0  0  0  0  0  0  0  0  0  0  0]
 [ 0  2  0 21  0  0  0  0  6  0  0  0  0  0  1  0  0  0  0  0]
 [ 4  0  0  0  3  4  4  2 10  0  2  0  0  0  0  0  0  0  0  0]
 [ 1  0  0  0  0 14  0  0 10  2  0  0  0  0  0  0  0  0  3  0]
 [ 0  0  0  0  1  0 12  0 12  0  0  0  0  0  0  0  4  0  0  0]
 [ 0  0  0  0  0  0  0 28  2  0  0  0  0  0  0  0  0  0  0  0]
 [ 0  0  0  0  0  0  0  0 29  0  0  0  0  0  1  0  0  0  0  0]
 [ 2  0  0  0  0  0  0  0 10 17  1  0  0  0  0  0  0  0  0  0]
 [ 0  0  0  0  0  0  0  0 12  0 14  0  0  1  0  2  0  0  1  0]
 [ 0  1  0  0  0  0  0  0 17  0  0 11  0  0  1  0  0  0  0  0]
 [ 0  0  0  0  0  0  0  0  5  0  0  0 15  0  0  0  0  0  0  0]
 [ 0  0  0  0  0  0  0  0  9  0  0  0  0 21  0  0  0  0  0  0]
 [ 1  0  0  0  0  0  2  0  9  0  1  0  0  0 17  0  0  0  0  0]
 [ 0  0  0  0  0  0  0  0 18  1  1  0  0  0  0 10  0  0  0  0]
 [ 0  0  0  0  0  0  1  0  2  0  0  0  0  0  0  0 27  0  0  0]
 [ 0  0  0  0  0  0  0  0  2  0  0  0  0  0  0  0  0 28  0  0]
 [ 0  0  0  0  0  0  0  0  0  0  0  0  0  0  0  0  0  0 30  0]
 [ 0  0  0  0  0  0  0  0  0  0  0  0  0  0  0  0  0  0  0 30]]
[2024-11-07 19:49:25,735][__main__][INFO] - 
              precision    recall  f1-score   support

           0       0.00      0.00      0.00        30
           1       0.81      0.43      0.57        30
           2       1.00      0.91      0.95        11
           3       0.95      0.70      0.81        30
           4       0.75      0.10      0.18        29
           5       0.74      0.47      0.57        30
           6       0.63      0.41      0.50        29
           7       0.93      0.93      0.93        30
           8       0.15      0.97      0.26        30
           9       0.85      0.57      0.68        30
          10       0.74      0.47      0.57        30
          11       1.00      0.37      0.54        30
          12       1.00      0.75      0.86        20
          13       0.95      0.70      0.81        30
          14       0.85      0.57      0.68        30
          15       0.83      0.33      0.48        30
          16       0.87      0.90      0.89        30
          17       1.00      0.93      0.97        30
          18       0.86      1.00      0.92        30
          19       1.00      1.00      1.00        30

    accuracy                           0.62       569
   macro avg       0.80      0.63      0.66       569
weighted avg       0.79      0.62      0.65       569

[2024-11-07 19:49:25,745][__main__][INFO] - 
+-------+-------+--------+-------+-----------+---------+------------+---------+-----------------+------------------+-----------+-------+-----------+------+------+------+-----+
| epoch | tr/te |  time  |  loss | cross_ent | cluster | separation | avg_sep | forgetting_loss | remembering_loss | fix_other |   l1  | dist_pair | accu |  f1  |  rc  |  pr |
+-------+-------+--------+-------+-----------+---------+------------+---------+-----------------+------------------+-----------+-------+-----------+------+------+------+-----+
|  0 e  |   TR  | 228.22 | 39.03 |    1.84   |   0.92  |   -1.78    |  26.82  |      38.02      |       0.0        |    0.0    | 420.0 |   43.26   | 1.0  | 1.0  | 1.0  | 1.0 |
|  0 e  |   TE  |  2.47  |  0.0  |     0     |    0    |     0      |    0    |        0        |        0         |     0     | 420.0 |   43.26   | 0.62 | 0.66 | 0.63 | 0.8 |
+-------+-------+--------+-------+-----------+---------+------------+---------+-----------------+------------------+-----------+-------+-----------+------+------+------+-----+
[2024-11-07 19:49:25,750][__main__][INFO] - epoch: 	1 / 5
[2024-11-07 19:49:25,750][__main__][INFO] - 	warm
[2024-11-07 19:49:25,751][__main__][INFO] - 	train
[2024-11-07 19:50:48,483][__main__][INFO] - 
[[900   0   0   0   0   0   0   0   0   0   0   0   0   0   0   0   0   0
    0   0]
 [  0 900   0   0   0   0   0   0   0   0   0   0   0   0   0   0   0   0
    0   0]
 [  0   0 900   0   0   0   0   0   0   0   0   0   0   0   0   0   0   0
    0   0]
 [  0   0   0 899   0   0   1   0   0   0   0   0   0   0   0   0   0   0
    0   0]
 [  0   0   0   0 899   1   0   0   0   0   0   0   0   0   0   0   0   0
    0   0]
 [  0   0   0   0   0 900   0   0   0   0   0   0   0   0   0   0   0   0
    0   0]
 [  0   0   0   0  10   0 890   0   0   0   0   0   0   0   0   0   0   0
    0   0]
 [  0   0   0   0   0   0   0 900   0   0   0   0   0   0   0   0   0   0
    0   0]
 [  0   0   0   0   0   0   0   0 900   0   0   0   0   0   0   0   0   0
    0   0]
 [  1   0   0   0   0   0   0   0   0 899   0   0   0   0   0   0   0   0
    0   0]
 [  0   0   0   0   0   0   0   0   0   0 900   0   0   0   0   0   0   0
    0   0]
 [  0   0   0   0   0   0   0   0   0   0   0 900   0   0   0   0   0   0
    0   0]
 [  0   0   0   0   0   0   0   0   0   0   0   0 900   0   0   0   0   0
    0   0]
 [  0   0   0   0   2   0   0   0   0   0   0   0   0 898   0   0   0   0
    0   0]
 [  0   0   0   0   0   0   0   0   0   0   0   0   0   0 900   0   0   0
    0   0]
 [  0   0   0   0   0   0   0   0   0   0   0   0   0   0   0 900   0   0
    0   0]
 [  0   0   0   0   0   0   0   0   0   0   0   0   0   0   0   0 900   0
    0   0]
 [  0   0   0   0   0   0   0   0   0   0   0   0   0   0   0   0   0 900
    0   0]
 [  0   0   0   0   0   0   0   0   0   0   0   0   0   0   0   1   0   0
  899   0]
 [  0   0   0   0  21   0   0   0   0   0   0   0   0   0   0   0   0   0
    0 879]]
[2024-11-07 19:50:48,511][__main__][INFO] - 
              precision    recall  f1-score   support

           0       1.00      1.00      1.00       900
           1       1.00      1.00      1.00       900
           2       1.00      1.00      1.00       900
           3       1.00      1.00      1.00       900
           4       0.96      1.00      0.98       900
           5       1.00      1.00      1.00       900
           6       1.00      0.99      0.99       900
           7       1.00      1.00      1.00       900
           8       1.00      1.00      1.00       900
           9       1.00      1.00      1.00       900
          10       1.00      1.00      1.00       900
          11       1.00      1.00      1.00       900
          12       1.00      1.00      1.00       900
          13       1.00      1.00      1.00       900
          14       1.00      1.00      1.00       900
          15       1.00      1.00      1.00       900
          16       1.00      1.00      1.00       900
          17       1.00      1.00      1.00       900
          18       1.00      1.00      1.00       900
          19       1.00      0.98      0.99       900

    accuracy                           1.00     18000
   macro avg       1.00      1.00      1.00     18000
weighted avg       1.00      1.00      1.00     18000

[2024-11-07 19:50:48,545][__main__][INFO] - 	test
[2024-11-07 19:50:50,904][__main__][INFO] - 
[[ 0  0  0  0  0  0  0  0 30  0  0  0  0  0  0  0  0  0  0  0]
 [ 0 12  0  1  0  1  0  0 15  0  0  0  0  0  1  0  0  0  0  0]
 [ 1  0  9  0  0  0  0  0  1  0  0  0  0  0  0  0  0  0  0  0]
 [ 0  2  0 20  0  0  0  0  7  0  0  0  0  0  1  0  0  0  0  0]
 [ 5  0  0  0  6  4  4  1  6  0  2  0  0  0  0  0  0  0  1  0]
 [ 2  0  0  0  0 17  0  0  7  1  0  0  0  0  0  0  0  0  3  0]
 [ 0  0  0  0  2  1 12  0 10  0  0  0  0  0  0  0  4  0  0  0]
 [ 0  0  0  0  0  0  0 27  2  0  0  0  0  0  0  1  0  0  0  0]
 [ 0  0  0  0  0  0  0  0 27  0  0  0  0  0  3  0  0  0  0  0]
 [ 1  0  0  0  1  0  0  0  7 20  1  0  0  0  0  0  0  0  0  0]
 [ 2  0  0  0  0  0  0  0 11  0 12  0  0  1  2  2  0  0  0  0]
 [ 0  1  0  0  0  0  0  0 17  0  0 11  0  0  1  0  0  0  0  0]
 [ 0  0  0  0  0  0  0  0  3  0  0  0 17  0  0  0  0  0  0  0]
 [ 0  0  0  0  0  0  0  0  9  0  0  0  0 21  0  0  0  0  0  0]
 [ 0  0  0  1  0  0  1  0  5  0  1  0  0  0 22  0  0  0  0  0]
 [ 0  0  0  0  0  0  0  0 11  0  1  0  0  0  0 18  0  0  0  0]
 [ 0  0  0  0  0  0  1  0  2  0  0  0  0  0  0  0 27  0  0  0]
 [ 0  0  0  0  0  1  0  0  3  0  0  0  0  0  0  0  0 26  0  0]
 [ 0  0  0  0  0  0  0  0  0  0  0  0  0  0  0  0  0  0 30  0]
 [ 0  0  0  0  0  0  0  0  0  0  0  0  0  0  0  0  0  0  0 30]]
[2024-11-07 19:50:50,911][__main__][INFO] - 
              precision    recall  f1-score   support

           0       0.00      0.00      0.00        30
           1       0.80      0.40      0.53        30
           2       1.00      0.82      0.90        11
           3       0.91      0.67      0.77        30
           4       0.67      0.21      0.32        29
           5       0.71      0.57      0.63        30
           6       0.67      0.41      0.51        29
           7       0.96      0.90      0.93        30
           8       0.16      0.90      0.27        30
           9       0.95      0.67      0.78        30
          10       0.71      0.40      0.51        30
          11       1.00      0.37      0.54        30
          12       1.00      0.85      0.92        20
          13       0.95      0.70      0.81        30
          14       0.73      0.73      0.73        30
          15       0.86      0.60      0.71        30
          16       0.87      0.90      0.89        30
          17       1.00      0.87      0.93        30
          18       0.88      1.00      0.94        30
          19       1.00      1.00      1.00        30

    accuracy                           0.64       569
   macro avg       0.79      0.65      0.68       569
weighted avg       0.78      0.64      0.67       569

[2024-11-07 19:50:50,920][__main__][INFO] - 
+-------+-------+-------+-------+-----------+---------+------------+---------+-----------------+------------------+-----------+-------+-----------+------+------+------+------+
| epoch | tr/te |  time |  loss | cross_ent | cluster | separation | avg_sep | forgetting_loss | remembering_loss | fix_other |   l1  | dist_pair | accu |  f1  |  rc  |  pr  |
+-------+-------+-------+-------+-----------+---------+------------+---------+-----------------+------------------+-----------+-------+-----------+------+------+------+------+
|  1 e  |   TR  | 82.72 | 21.54 |    2.76   |   2.48  |   -2.55    |  62.33  |      18.81      |       0.0        |    0.0    | 420.0 |   101.0   | 1.0  | 1.0  | 1.0  | 1.0  |
|  1 e  |   TE  |  2.33 |  0.0  |     0     |    0    |     0      |    0    |        0        |        0         |     0     | 420.0 |   101.0   | 0.64 | 0.68 | 0.65 | 0.79 |
+-------+-------+-------+-------+-----------+---------+------------+---------+-----------------+------------------+-----------+-------+-----------+------+------+------+------+
[2024-11-07 19:50:50,927][__main__][INFO] - epoch: 	2 / 5
[2024-11-07 19:50:50,927][__main__][INFO] - 	warm
[2024-11-07 19:50:50,928][__main__][INFO] - 	train
[2024-11-07 19:52:13,707][__main__][INFO] - 
[[900   0   0   0   0   0   0   0   0   0   0   0   0   0   0   0   0   0
    0   0]
 [  0 900   0   0   0   0   0   0   0   0   0   0   0   0   0   0   0   0
    0   0]
 [  0   0 900   0   0   0   0   0   0   0   0   0   0   0   0   0   0   0
    0   0]
 [  0   0   0 899   0   0   1   0   0   0   0   0   0   0   0   0   0   0
    0   0]
 [  0   0   0   0 894   6   0   0   0   0   0   0   0   0   0   0   0   0
    0   0]
 [  0   0   0   0   0 900   0   0   0   0   0   0   0   0   0   0   0   0
    0   0]
 [  0   0   0   0  12   0 888   0   0   0   0   0   0   0   0   0   0   0
    0   0]
 [  0   0   0   0   0   0   0 900   0   0   0   0   0   0   0   0   0   0
    0   0]
 [  0   0   0   0   0   0   0   0 900   0   0   0   0   0   0   0   0   0
    0   0]
 [  1   0   0   0   0   0   0   0   0 899   0   0   0   0   0   0   0   0
    0   0]
 [  0   0   0   0   0   0   0   0   0   0 900   0   0   0   0   0   0   0
    0   0]
 [  0   0   0   0   0   0   0   0   0   0   0 900   0   0   0   0   0   0
    0   0]
 [  0   0   0   0   0   0   0   0   0   0   0   0 900   0   0   0   0   0
    0   0]
 [  0   0   0   0   3   0   0   0   0   0   0   0   0 897   0   0   0   0
    0   0]
 [  0   0   0   0   0   0   0   0   0   0   0   0   0   0 900   0   0   0
    0   0]
 [  0   0   0   0   0   0   0   0   0   0   0   0   0   0   0 900   0   0
    0   0]
 [  0   0   0   0   0   0   0   0   0   0   0   0   0   0   0   0 900   0
    0   0]
 [  0   0   0   0   0   0   0   0   0   0   0   0   0   0   0   0   0 900
    0   0]
 [  0   0   0   0   0   0   0   0   0   0   0   0   0   0   0   1   0   0
  899   0]
 [  0   0   0   0  20   0   0   0   0   0   0   0   0   0   0   0   0   0
    0 880]]
[2024-11-07 19:52:13,726][__main__][INFO] - 
              precision    recall  f1-score   support

           0       1.00      1.00      1.00       900
           1       1.00      1.00      1.00       900
           2       1.00      1.00      1.00       900
           3       1.00      1.00      1.00       900
           4       0.96      0.99      0.98       900
           5       0.99      1.00      1.00       900
           6       1.00      0.99      0.99       900
           7       1.00      1.00      1.00       900
           8       1.00      1.00      1.00       900
           9       1.00      1.00      1.00       900
          10       1.00      1.00      1.00       900
          11       1.00      1.00      1.00       900
          12       1.00      1.00      1.00       900
          13       1.00      1.00      1.00       900
          14       1.00      1.00      1.00       900
          15       1.00      1.00      1.00       900
          16       1.00      1.00      1.00       900
          17       1.00      1.00      1.00       900
          18       1.00      1.00      1.00       900
          19       1.00      0.98      0.99       900

    accuracy                           1.00     18000
   macro avg       1.00      1.00      1.00     18000
weighted avg       1.00      1.00      1.00     18000

[2024-11-07 19:52:13,742][__main__][INFO] - 	test
[2024-11-07 19:52:16,054][__main__][INFO] - 
[[ 1  0  0  0  0  0  0  0 28  0  0  0  0  0  0  0  0  0  1  0]
 [ 1 11  0  2  0  1  0  0 15  0  0  0  0  0  0  0  0  0  0  0]
 [ 1  0  9  0  0  0  0  0  1  0  0  0  0  0  0  0  0  0  0  0]
 [ 0  2  0 22  0  0  0  0  6  0  0  0  0  0  0  0  0  0  0  0]
 [ 6  0  0  0  7  3  4  1  6  0  2  0  0  0  0  0  0  0  0  0]
 [ 1  0  0  0  0 17  0  0  7  2  0  0  0  0  0  0  0  0  3  0]
 [ 0  0  0  0  2  1 12  0 10  0  0  0  0  0  0  0  4  0  0  0]
 [ 0  0  0  0  0  0  0 22  5  0  0  0  0  0  1  2  0  0  0  0]
 [ 0  0  0  0  0  0  0  0 29  0  0  0  0  0  1  0  0  0  0  0]
 [ 1  0  0  0  1  0  0  0  9 18  1  0  0  0  0  0  0  0  0  0]
 [ 2  0  0  0  0  0  0  0 11  0 13  0  0  0  1  2  0  0  1  0]
 [ 0  1  1  0  0  0  0  0 17  0  0 10  0  0  1  0  0  0  0  0]
 [ 0  0  0  0  0  0  0  0  4  0  0  0 16  0  0  0  0  0  0  0]
 [ 0  0  0  0  0  0  0  0  8  0  0  0  0 22  0  0  0  0  0  0]
 [ 0  0  0  1  0  0  1  0  5  0  1  0  0  0 21  0  0  0  1  0]
 [ 0  0  0  0  0  0  0  0 11  1  1  0  0  0  0 17  0  0  0  0]
 [ 0  0  0  0  0  0  1  0  2  0  0  0  0  0  0  0 27  0  0  0]
 [ 0  0  0  0  0  0  0  0  2  0  0  0  0  0  0  0  0 28  0  0]
 [ 0  0  0  0  0  0  0  0  0  0  0  0  0  0  0  0  0  0 30  0]
 [ 0  0  0  0  0  0  0  0  2  0  0  0  0  0  0  0  0  0  0 28]]
[2024-11-07 19:52:16,062][__main__][INFO] - 
              precision    recall  f1-score   support

           0       0.08      0.03      0.05        30
           1       0.79      0.37      0.50        30
           2       0.90      0.82      0.86        11
           3       0.88      0.73      0.80        30
           4       0.70      0.24      0.36        29
           5       0.77      0.57      0.65        30
           6       0.67      0.41      0.51        29
           7       0.96      0.73      0.83        30
           8       0.16      0.97      0.28        30
           9       0.86      0.60      0.71        30
          10       0.72      0.43      0.54        30
          11       1.00      0.33      0.50        30
          12       1.00      0.80      0.89        20
          13       1.00      0.73      0.85        30
          14       0.84      0.70      0.76        30
          15       0.81      0.57      0.67        30
          16       0.87      0.90      0.89        30
          17       1.00      0.93      0.97        30
          18       0.83      1.00      0.91        30
          19       1.00      0.93      0.97        30

    accuracy                           0.63       569
   macro avg       0.79      0.64      0.67       569
weighted avg       0.78      0.63      0.66       569

[2024-11-07 19:52:16,071][__main__][INFO] - 
+-------+-------+-------+-------+-----------+---------+------------+---------+-----------------+------------------+-----------+-------+-----------+------+------+------+------+
| epoch | tr/te |  time |  loss | cross_ent | cluster | separation | avg_sep | forgetting_loss | remembering_loss | fix_other |   l1  | dist_pair | accu |  f1  |  rc  |  pr  |
+-------+-------+-------+-------+-----------+---------+------------+---------+-----------------+------------------+-----------+-------+-----------+------+------+------+------+
|  2 e  |   TR  | 82.77 | 18.97 |    2.78   |   2.58  |    -2.6    |  117.18 |      16.18      |       0.0        |    0.0    | 420.0 |   191.64  | 1.0  | 1.0  | 1.0  | 1.0  |
|  2 e  |   TE  |  2.28 |  0.0  |     0     |    0    |     0      |    0    |        0        |        0         |     0     | 420.0 |   191.64  | 0.63 | 0.67 | 0.64 | 0.79 |
+-------+-------+-------+-------+-----------+---------+------------+---------+-----------------+------------------+-----------+-------+-----------+------+------+------+------+
[2024-11-07 19:52:16,079][__main__][INFO] - epoch: 	3 / 5
[2024-11-07 19:52:16,079][__main__][INFO] - 	warm
[2024-11-07 19:52:16,080][__main__][INFO] - 	train
[2024-11-07 19:53:39,119][__main__][INFO] - 
[[900   0   0   0   0   0   0   0   0   0   0   0   0   0   0   0   0   0
    0   0]
 [  0 900   0   0   0   0   0   0   0   0   0   0   0   0   0   0   0   0
    0   0]
 [  0   0 900   0   0   0   0   0   0   0   0   0   0   0   0   0   0   0
    0   0]
 [  0   0   0 899   0   0   1   0   0   0   0   0   0   0   0   0   0   0
    0   0]
 [  0   0   0   0 894   6   0   0   0   0   0   0   0   0   0   0   0   0
    0   0]
 [  0   0   0   0   0 900   0   0   0   0   0   0   0   0   0   0   0   0
    0   0]
 [  0   0   0   0  11   0 889   0   0   0   0   0   0   0   0   0   0   0
    0   0]
 [  0   0   0   0   0   0   0 900   0   0   0   0   0   0   0   0   0   0
    0   0]
 [  0   0   0   0   0   0   0   0 900   0   0   0   0   0   0   0   0   0
    0   0]
 [  2   0   0   0   0   0   0   0   0 898   0   0   0   0   0   0   0   0
    0   0]
 [  0   0   0   0   0   0   0   0   0   0 900   0   0   0   0   0   0   0
    0   0]
 [  0   0   0   0   0   0   0   0   0   0   0 900   0   0   0   0   0   0
    0   0]
 [  0   0   0   0   0   0   0   0   0   0   0   0 900   0   0   0   0   0
    0   0]
 [  0   0   0   0   4   0   0   0   0   0   0   0   0 896   0   0   0   0
    0   0]
 [  0   0   0   0   0   0   0   0   0   0   0   0   0   0 900   0   0   0
    0   0]
 [  0   0   0   0   0   0   0   0   0   1   0   0   0   0   0 899   0   0
    0   0]
 [  0   0   0   0   0   0   0   0   0   0   0   0   0   0   0   0 900   0
    0   0]
 [  0   0   0   0   0   0   0   0   0   0   0   0   0   0   0   0   0 900
    0   0]
 [  0   0   0   0   0   0   0   0   0   0   0   0   0   0   0   1   0   0
  899   0]
 [  0   0   0   0  19   0   0   0   0   0   0   0   0   0   0   0   0   0
    0 881]]
[2024-11-07 19:53:39,139][__main__][INFO] - 
              precision    recall  f1-score   support

           0       1.00      1.00      1.00       900
           1       1.00      1.00      1.00       900
           2       1.00      1.00      1.00       900
           3       1.00      1.00      1.00       900
           4       0.96      0.99      0.98       900
           5       0.99      1.00      1.00       900
           6       1.00      0.99      0.99       900
           7       1.00      1.00      1.00       900
           8       1.00      1.00      1.00       900
           9       1.00      1.00      1.00       900
          10       1.00      1.00      1.00       900
          11       1.00      1.00      1.00       900
          12       1.00      1.00      1.00       900
          13       1.00      1.00      1.00       900
          14       1.00      1.00      1.00       900
          15       1.00      1.00      1.00       900
          16       1.00      1.00      1.00       900
          17       1.00      1.00      1.00       900
          18       1.00      1.00      1.00       900
          19       1.00      0.98      0.99       900

    accuracy                           1.00     18000
   macro avg       1.00      1.00      1.00     18000
weighted avg       1.00      1.00      1.00     18000

[2024-11-07 19:53:39,156][__main__][INFO] - 	test
[2024-11-07 19:53:41,358][__main__][INFO] - 
[[ 1  0  0  0  0  0  0  0 28  0  0  0  0  0  0  0  0  0  1  0]
 [ 0 16  0  1  0  2  0  0 11  0  0  0  0  0  0  0  0  0  0  0]
 [ 1  0  9  0  0  0  0  0  1  0  0  0  0  0  0  0  0  0  0  0]
 [ 0  2  0 21  0  1  0  0  6  0  0  0  0  0  0  0  0  0  0  0]
 [ 7  0  0  0  5  5  4  1  6  0  1  0  0  0  0  0  0  0  0  0]
 [ 0  0  0  0  0 21  0  0  7  0  0  0  0  0  0  0  0  0  2  0]
 [ 0  0  0  0  2  2 10  0 10  0  0  0  0  0  0  0  5  0  0  0]
 [ 0  0  0  0  0  0  0 27  2  0  0  0  0  0  0  1  0  0  0  0]
 [ 0  0  0  0  0  0  0  0 29  0  0  0  0  0  1  0  0  0  0  0]
 [ 2  0  0  0  1  0  0  0  7 20  0  0  0  0  0  0  0  0  0  0]
 [ 0  0  0  0  0  0  0  0 12  0 11  0  0  0  2  2  0  0  3  0]
 [ 0  1  0  0  0  0  0  0 17  0  0 11  0  0  1  0  0  0  0  0]
 [ 0  0  0  0  0  0  0  0  3  0  0  0 17  0  0  0  0  0  0  0]
 [ 0  0  0  0  0  0  0  0  4  0  0  0  0 26  0  0  0  0  0  0]
 [ 1  0  0  0  0  0  1  0  5  0  1  0  0  0 22  0  0  0  0  0]
 [ 0  0  0  0  0  0  0  0  9  1  1  0  0  0  0 19  0  0  0  0]
 [ 0  0  0  0  0  0  1  0  1  0  0  0  0  0  0  0 27  0  0  1]
 [ 0  0  0  0  0  2  0  0  2  0  0  0  0  0  0  0  0 26  0  0]
 [ 0  0  0  0  0  0  0  0  0  0  0  0  0  0  0  0  0  0 30  0]
 [ 0  0  0  0  0  0  0  0  0  0  0  0  0  0  0  0  0  0  0 30]]
[2024-11-07 19:53:41,365][__main__][INFO] - 
              precision    recall  f1-score   support

           0       0.08      0.03      0.05        30
           1       0.84      0.53      0.65        30
           2       1.00      0.82      0.90        11
           3       0.95      0.70      0.81        30
           4       0.62      0.17      0.27        29
           5       0.64      0.70      0.67        30
           6       0.62      0.34      0.44        29
           7       0.96      0.90      0.93        30
           8       0.18      0.97      0.31        30
           9       0.95      0.67      0.78        30
          10       0.79      0.37      0.50        30
          11       1.00      0.37      0.54        30
          12       1.00      0.85      0.92        20
          13       1.00      0.87      0.93        30
          14       0.85      0.73      0.79        30
          15       0.86      0.63      0.73        30
          16       0.84      0.90      0.87        30
          17       1.00      0.87      0.93        30
          18       0.83      1.00      0.91        30
          19       0.97      1.00      0.98        30

    accuracy                           0.66       569
   macro avg       0.80      0.67      0.70       569
weighted avg       0.79      0.66      0.69       569

[2024-11-07 19:53:41,374][__main__][INFO] - 
+-------+-------+-------+-------+-----------+---------+------------+---------+-----------------+------------------+-----------+-------+-----------+------+-----+------+-----+
| epoch | tr/te |  time |  loss | cross_ent | cluster | separation | avg_sep | forgetting_loss | remembering_loss | fix_other |   l1  | dist_pair | accu |  f1 |  rc  |  pr |
+-------+-------+-------+-------+-----------+---------+------------+---------+-----------------+------------------+-----------+-------+-----------+------+-----+------+-----+
|  3 e  |   TR  | 83.03 | 17.77 |    2.78   |   2.57  |    -2.6    |  185.58 |      14.98      |       0.0        |    0.0    | 420.0 |   305.25  | 1.0  | 1.0 | 1.0  | 1.0 |
|  3 e  |   TE  |  2.17 |  0.0  |     0     |    0    |     0      |    0    |        0        |        0         |     0     | 420.0 |   305.25  | 0.66 | 0.7 | 0.67 | 0.8 |
+-------+-------+-------+-------+-----------+---------+------------+---------+-----------------+------------------+-----------+-------+-----------+------+-----+------+-----+
[2024-11-07 19:53:41,383][__main__][INFO] - epoch: 	4 / 5
[2024-11-07 19:53:41,384][__main__][INFO] - 	warm
[2024-11-07 19:53:41,384][__main__][INFO] - 	train
[2024-11-07 19:55:04,938][__main__][INFO] - 
[[900   0   0   0   0   0   0   0   0   0   0   0   0   0   0   0   0   0
    0   0]
 [  0 900   0   0   0   0   0   0   0   0   0   0   0   0   0   0   0   0
    0   0]
 [  0   0 900   0   0   0   0   0   0   0   0   0   0   0   0   0   0   0
    0   0]
 [  0   0   0 898   0   0   1   0   0   1   0   0   0   0   0   0   0   0
    0   0]
 [  0   0   0   0 894   6   0   0   0   0   0   0   0   0   0   0   0   0
    0   0]
 [  0   0   0   0   0 900   0   0   0   0   0   0   0   0   0   0   0   0
    0   0]
 [  0   0   0   0  10   0 890   0   0   0   0   0   0   0   0   0   0   0
    0   0]
 [  0   0   0   0   0   0   0 900   0   0   0   0   0   0   0   0   0   0
    0   0]
 [  0   0   0   0   0   0   0   0 900   0   0   0   0   0   0   0   0   0
    0   0]
 [  1   0   0   0   0   0   0   0   0 899   0   0   0   0   0   0   0   0
    0   0]
 [  0   0   0   0   0   0   0   0   0   0 900   0   0   0   0   0   0   0
    0   0]
 [  0   0   0   0   0   0   0   0   0   0   0 900   0   0   0   0   0   0
    0   0]
 [  0   0   0   0   0   0   0   0   0   0   0   0 900   0   0   0   0   0
    0   0]
 [  0   0   0   0   1   0   0   0   0   0   0   0   0 899   0   0   0   0
    0   0]
 [  0   0   0   0   0   0   0   0   0   0   0   0   0   0 900   0   0   0
    0   0]
 [  0   0   0   0   0   0   0   0   0   0   0   0   0   0   0 900   0   0
    0   0]
 [  0   0   0   0   0   0   0   0   0   0   0   0   0   0   0   0 900   0
    0   0]
 [  0   0   0   0   0   0   0   0   0   0   0   0   0   0   0   0   0 900
    0   0]
 [  0   0   0   0   0   0   0   0   0   0   0   0   0   0   0   1   0   0
  899   0]
 [  0   0   0   0  15   0   0   0   0   0   0   0   0   0   0   0   0   0
    0 885]]
[2024-11-07 19:55:04,955][__main__][INFO] - 
              precision    recall  f1-score   support

           0       1.00      1.00      1.00       900
           1       1.00      1.00      1.00       900
           2       1.00      1.00      1.00       900
           3       1.00      1.00      1.00       900
           4       0.97      0.99      0.98       900
           5       0.99      1.00      1.00       900
           6       1.00      0.99      0.99       900
           7       1.00      1.00      1.00       900
           8       1.00      1.00      1.00       900
           9       1.00      1.00      1.00       900
          10       1.00      1.00      1.00       900
          11       1.00      1.00      1.00       900
          12       1.00      1.00      1.00       900
          13       1.00      1.00      1.00       900
          14       1.00      1.00      1.00       900
          15       1.00      1.00      1.00       900
          16       1.00      1.00      1.00       900
          17       1.00      1.00      1.00       900
          18       1.00      1.00      1.00       900
          19       1.00      0.98      0.99       900

    accuracy                           1.00     18000
   macro avg       1.00      1.00      1.00     18000
weighted avg       1.00      1.00      1.00     18000

[2024-11-07 19:55:04,972][__main__][INFO] - 	test
[2024-11-07 19:55:07,403][__main__][INFO] - 
[[ 1  0  0  0  0  0  0  0 28  0  0  0  0  0  0  0  0  0  1  0]
 [ 0 12  0  1  0  2  0  0 14  0  0  0  0  0  0  0  0  0  1  0]
 [ 1  0 10  0  0  0  0  0  0  0  0  0  0  0  0  0  0  0  0  0]
 [ 0  2  0 22  0  0  0  0  6  0  0  0  0  0  0  0  0  0  0  0]
 [ 5  0  0  0  4  5  4  1  7  0  2  0  0  0  0  0  0  0  1  0]
 [ 1  0  0  0  0 19  0  0  6  1  0  0  0  0  0  0  0  0  3  0]
 [ 0  0  0  0  2  1 11  0 11  0  0  0  0  0  0  0  4  0  0  0]
 [ 1  0  0  0  0  0  0 25  3  0  0  0  0  0  0  1  0  0  0  0]
 [ 0  0  0  0  0  0  0  0 29  0  0  0  0  0  1  0  0  0  0  0]
 [ 1  0  0  0  1  0  0  0  8 19  1  0  0  0  0  0  0  0  0  0]
 [ 1  0  0  0  0  0  0  0  8  0 17  0  0  0  1  2  0  0  1  0]
 [ 0  1  1  0  0  0  0  0 17  0  0 10  0  0  1  0  0  0  0  0]
 [ 0  0  0  0  0  0  0  0  2  0  0  0 18  0  0  0  0  0  0  0]
 [ 0  0  0  0  0  0  0  0  2  0  0  0  0 28  0  0  0  0  0  0]
 [ 2  0  0  0  0  0  1  0  5  0  1  0  0  0 21  0  0  0  0  0]
 [ 0  0  0  0  0  0  0  0 10  0  1  0  0  0  0 19  0  0  0  0]
 [ 0  0  0  0  0  0  1  0  1  0  0  0  0  0  0  0 27  0  0  1]
 [ 0  0  0  0  0  0  0  0  2  0  0  0  0  0  0  0  0 28  0  0]
 [ 0  0  0  0  0  0  0  0  0  0  0  0  0  0  0  0  0  0 30  0]
 [ 0  0  0  0  0  0  0  0  1  0  0  0  0  0  0  0  0  0  0 29]]
[2024-11-07 19:55:07,414][__main__][INFO] - 
              precision    recall  f1-score   support

           0       0.08      0.03      0.05        30
           1       0.80      0.40      0.53        30
           2       0.91      0.91      0.91        11
           3       0.96      0.73      0.83        30
           4       0.57      0.14      0.22        29
           5       0.70      0.63      0.67        30
           6       0.65      0.38      0.48        29
           7       0.96      0.83      0.89        30
           8       0.18      0.97      0.31        30
           9       0.95      0.63      0.76        30
          10       0.77      0.57      0.65        30
          11       1.00      0.33      0.50        30
          12       1.00      0.90      0.95        20
          13       1.00      0.93      0.97        30
          14       0.88      0.70      0.78        30
          15       0.86      0.63      0.73        30
          16       0.87      0.90      0.89        30
          17       1.00      0.93      0.97        30
          18       0.81      1.00      0.90        30
          19       0.97      0.97      0.97        30

    accuracy                           0.67       569
   macro avg       0.80      0.68      0.70       569
weighted avg       0.79      0.67      0.69       569

[2024-11-07 19:55:07,544][__main__][INFO] - 
+-------+-------+-------+-------+-----------+---------+------------+---------+-----------------+------------------+-----------+-------+-----------+------+-----+------+-----+
| epoch | tr/te |  time |  loss | cross_ent | cluster | separation | avg_sep | forgetting_loss | remembering_loss | fix_other |   l1  | dist_pair | accu |  f1 |  rc  |  pr |
+-------+-------+-------+-------+-----------+---------+------------+---------+-----------------+------------------+-----------+-------+-----------+------+-----+------+-----+
|  4 e  |   TR  | 83.54 | 17.07 |    2.78   |   2.57  |    -2.6    |  264.92 |      14.28      |       0.0        |    0.0    | 420.0 |   439.13  | 1.0  | 1.0 | 1.0  | 1.0 |
|  4 e  |   TE  |  2.4  |  0.0  |     0     |    0    |     0      |    0    |        0        |        0         |     0     | 420.0 |   439.13  | 0.67 | 0.7 | 0.68 | 0.8 |
+-------+-------+-------+-------+-----------+---------+------------+---------+-----------------+------------------+-----------+-------+-----------+------+-----+------+-----+
[2024-11-07 19:55:07,544][__main__][INFO] - 	push
[2024-11-07 19:55:15,976][__main__][INFO] - 	Executing push ...
[2024-11-07 19:55:15,976][__main__][INFO] - 	push time: 	8.431706428527832
[2024-11-07 19:55:15,979][__main__][INFO] - 	test
[2024-11-07 19:55:18,501][__main__][INFO] - 
[[ 1  0  0  0  0  0  0  0 29  0  0  0  0  0  0  0  0  0  0  0]
 [ 0 17  0  1  0  2  0  0 10  0  0  0  0  0  0  0  0  0  0  0]
 [ 1  0 10  0  0  0  0  0  0  0  0  0  0  0  0  0  0  0  0  0]
 [ 0  2  0 23  0  0  0  0  5  0  0  0  0  0  0  0  0  0  0  0]
 [ 0  0  0  0  4  5  4  1  7  0  2  0  0  0  5  0  0  0  1  0]
 [ 0  0  0  0  0 18  0  0  8  1  1  0  0  0  0  0  0  0  2  0]
 [ 0  0  0  0  2  1 10  0 12  0  0  0  0  0  0  0  4  0  0  0]
 [ 0  0  0  0  0  0  0 26  3  0  0  0  0  0  0  1  0  0  0  0]
 [ 0  0  0  0  0  0  0  0 30  0  0  0  0  0  0  0  0  0  0  0]
 [ 1  0  0  0  1  0  0  0  8 19  1  0  0  0  0  0  0  0  0  0]
 [ 0  0  0  0  0  0  0  0  8  0 18  0  0  1  1  2  0  0  0  0]
 [ 0  1  0  0  0  0  0  0 18  0  0 10  0  0  1  0  0  0  0  0]
 [ 0  0  0  0  0  0  0  0  2  0  0  0 18  0  0  0  0  0  0  0]
 [ 0  0  0  0  0  0  0  0  3  0  0  0  0 27  0  0  0  0  0  0]
 [ 1  0  0  0  0  0  1  0  5  0  1  0  0  0 21  0  0  0  1  0]
 [ 0  0  0  0  0  0  0  0 14  0  2  0  0  0  0 14  0  0  0  0]
 [ 0  0  0  0  0  0  1  0  5  0  0  0  0  0  0  0 24  0  0  0]
 [ 0  0  0  0  0  0  0  0  3  0  0  0  0  0  0  0  0 27  0  0]
 [ 0  0  0  0  0  0  0  0  0  0  0  0  0  0  0  0  0  0 30  0]
 [ 0  0  0  0  0  0  0  0  0  0  0  0  0  0  0  0  0  0  0 30]]
[2024-11-07 19:55:18,509][__main__][INFO] - 
              precision    recall  f1-score   support

           0       0.25      0.03      0.06        30
           1       0.85      0.57      0.68        30
           2       1.00      0.91      0.95        11
           3       0.96      0.77      0.85        30
           4       0.57      0.14      0.22        29
           5       0.69      0.60      0.64        30
           6       0.62      0.34      0.44        29
           7       0.96      0.87      0.91        30
           8       0.18      1.00      0.30        30
           9       0.95      0.63      0.76        30
          10       0.72      0.60      0.65        30
          11       1.00      0.33      0.50        30
          12       1.00      0.90      0.95        20
          13       0.96      0.90      0.93        30
          14       0.75      0.70      0.72        30
          15       0.82      0.47      0.60        30
          16       0.86      0.80      0.83        30
          17       1.00      0.90      0.95        30
          18       0.88      1.00      0.94        30
          19       1.00      1.00      1.00        30

    accuracy                           0.66       569
   macro avg       0.80      0.67      0.69       569
weighted avg       0.79      0.66      0.68       569

[2024-11-07 19:55:18,629][__main__][INFO] - 	last layer
[2024-11-07 19:55:18,629][__main__][INFO] - iteration: 	0
[2024-11-07 19:55:18,630][__main__][INFO] - 	train
[2024-11-07 19:56:37,602][__main__][INFO] - 
[[900   0   0   0   0   0   0   0   0   0   0   0   0   0   0   0   0   0
    0   0]
 [  0 900   0   0   0   0   0   0   0   0   0   0   0   0   0   0   0   0
    0   0]
 [  0   0 900   0   0   0   0   0   0   0   0   0   0   0   0   0   0   0
    0   0]
 [  0   0   0 900   0   0   0   0   0   0   0   0   0   0   0   0   0   0
    0   0]
 [  0   0   0   0 893   7   0   0   0   0   0   0   0   0   0   0   0   0
    0   0]
 [  0   0   0   0   0 900   0   0   0   0   0   0   0   0   0   0   0   0
    0   0]
 [  0   0   0   0   8   0 892   0   0   0   0   0   0   0   0   0   0   0
    0   0]
 [  0   0   0   0   0   0   0 900   0   0   0   0   0   0   0   0   0   0
    0   0]
 [  0   0   0   0   0   0   0   0 900   0   0   0   0   0   0   0   0   0
    0   0]
 [  0   0   0   0   0   0   0   0   0 900   0   0   0   0   0   0   0   0
    0   0]
 [  0   0   0   0   0   0   0   0   0   0 900   0   0   0   0   0   0   0
    0   0]
 [  0   0   0   0   0   0   0   0   0   0   0 900   0   0   0   0   0   0
    0   0]
 [  0   0   0   0   0   0   0   0   0   0   0   0 900   0   0   0   0   0
    0   0]
 [  0   0   0   0   0   0   0   0   0   0   0   0   0 900   0   0   0   0
    0   0]
 [  0   0   0   0   0   0   0   0   0   0   0   0   0   0 900   0   0   0
    0   0]
 [  0   0   0   0   0   0   0   0   0   0   0   0   0   0   0 900   0   0
    0   0]
 [  0   0   0   0   0   0   0   0   0   0   0   0   0   0   0   0 900   0
    0   0]
 [  0   0   0   0   0   0   0   0   0   0   0   0   0   0   0   0   0 900
    0   0]
 [  0   0   0   0   0   0   0   0   0   0   0   0   0   0   0   4   0   0
  896   0]
 [  0   0   0   0   0   0   0   0   0   0   0   0   0   0   0   0   0   0
    0 900]]
[2024-11-07 19:56:37,630][__main__][INFO] - 
              precision    recall  f1-score   support

           0       1.00      1.00      1.00       900
           1       1.00      1.00      1.00       900
           2       1.00      1.00      1.00       900
           3       1.00      1.00      1.00       900
           4       0.99      0.99      0.99       900
           5       0.99      1.00      1.00       900
           6       1.00      0.99      1.00       900
           7       1.00      1.00      1.00       900
           8       1.00      1.00      1.00       900
           9       1.00      1.00      1.00       900
          10       1.00      1.00      1.00       900
          11       1.00      1.00      1.00       900
          12       1.00      1.00      1.00       900
          13       1.00      1.00      1.00       900
          14       1.00      1.00      1.00       900
          15       1.00      1.00      1.00       900
          16       1.00      1.00      1.00       900
          17       1.00      1.00      1.00       900
          18       1.00      1.00      1.00       900
          19       1.00      1.00      1.00       900

    accuracy                           1.00     18000
   macro avg       1.00      1.00      1.00     18000
weighted avg       1.00      1.00      1.00     18000

[2024-11-07 19:56:37,663][__main__][INFO] - 	test
[2024-11-07 19:56:39,919][__main__][INFO] - 
[[ 0  0  0  0  0  0  0  0 30  0  0  0  0  0  0  0  0  0  0  0]
 [ 0 17  0  1  0  1  0  0 10  0  1  0  0  0  0  0  0  0  0  0]
 [ 0  0 10  0  0  0  0  0  0  0  0  0  0  0  1  0  0  0  0  0]
 [ 0  2  0 22  0  0  0  0  6  0  0  0  0  0  0  0  0  0  0  0]
 [ 0  0  0  0  4  5  4  1  7  0  2  0  0  0  6  0  0  0  0  0]
 [ 0  0  0  0  0 16  0  0  8  1  1  0  0  0  2  0  0  0  1  1]
 [ 0  0  0  0  2  1 10  0 12  0  0  0  0  0  0  0  4  0  0  0]
 [ 0  0  0  0  0  0  0 27  3  0  0  0  0  0  0  0  0  0  0  0]
 [ 0  0  0  0  0  0  0  0 30  0  0  0  0  0  0  0  0  0  0  0]
 [ 1  0  0  0  0  0  0  0  8 19  1  0  0  0  1  0  0  0  0  0]
 [ 0  0  0  0  0  0  0  0  8  0 18  0  0  1  1  2  0  0  0  0]
 [ 0  1  0  0  0  0  0  0 18  0  0 10  0  0  1  0  0  0  0  0]
 [ 0  0  0  0  0  0  0  0  2  0  0  0 18  0  0  0  0  0  0  0]
 [ 0  0  0  0  0  0  0  0  3  0  0  0  0 27  0  0  0  0  0  0]
 [ 1  0  0  0  0  0  1  0  5  0  1  0  0  0 22  0  0  0  0  0]
 [ 0  0  0  0  0  0  0  0 14  0  2  0  0  0  0 14  0  0  0  0]
 [ 0  0  0  0  0  0  1  0  5  0  0  0  0  0  0  0 24  0  0  0]
 [ 0  0  0  0  0  0  0  0  3  0  0  0  0  0  0  0  0 27  0  0]
 [ 0  0  0  0  0  0  0  0  0  0  0  0  0  0  0  0  0  0 30  0]
 [ 0  0  0  0  0  0  0  0  0  0  0  0  0  0  0  0  0  0  0 30]]
[2024-11-07 19:56:39,927][__main__][INFO] - 
              precision    recall  f1-score   support

           0       0.00      0.00      0.00        30
           1       0.85      0.57      0.68        30
           2       1.00      0.91      0.95        11
           3       0.96      0.73      0.83        30
           4       0.67      0.14      0.23        29
           5       0.70      0.53      0.60        30
           6       0.62      0.34      0.44        29
           7       0.96      0.90      0.93        30
           8       0.17      1.00      0.30        30
           9       0.95      0.63      0.76        30
          10       0.69      0.60      0.64        30
          11       1.00      0.33      0.50        30
          12       1.00      0.90      0.95        20
          13       0.96      0.90      0.93        30
          14       0.65      0.73      0.69        30
          15       0.88      0.47      0.61        30
          16       0.86      0.80      0.83        30
          17       1.00      0.90      0.95        30
          18       0.97      1.00      0.98        30
          19       0.97      1.00      0.98        30

    accuracy                           0.66       569
   macro avg       0.79      0.67      0.69       569
weighted avg       0.78      0.66      0.68       569

[2024-11-07 19:56:39,936][__main__][INFO] - 
+-------+-------+-------+-------+-----------+---------+------------+---------+-----------------+------------------+-----------+--------+-----------+------+------+------+------+
| epoch | tr/te |  time |  loss | cross_ent | cluster | separation | avg_sep | forgetting_loss | remembering_loss | fix_other |   l1   | dist_pair | accu |  f1  |  rc  |  pr  |
+-------+-------+-------+-------+-----------+---------+------------+---------+-----------------+------------------+-----------+--------+-----------+------+------+------+------+
|  0 i  |   TR  | 78.96 | 33.13 |    0.01   |   0.0   |   -1.42    |  22.28  |      34.51      |       0.0        |    0.0    | 382.76 |   21.41   | 1.0  | 1.0  | 1.0  | 1.0  |
|  0 i  |   TE  |  2.23 |  0.0  |     0     |    0    |     0      |    0    |        0        |        0         |     0     | 382.76 |   21.41   | 0.66 | 0.69 | 0.67 | 0.79 |
+-------+-------+-------+-------+-----------+---------+------------+---------+-----------------+------------------+-----------+--------+-----------+------+------+------+------+
[2024-11-07 19:56:39,936][__main__][INFO] - iteration: 	1
[2024-11-07 19:56:39,936][__main__][INFO] - 	train
[2024-11-07 19:57:58,923][__main__][INFO] - 
[[900   0   0   0   0   0   0   0   0   0   0   0   0   0   0   0   0   0
    0   0]
 [  0 900   0   0   0   0   0   0   0   0   0   0   0   0   0   0   0   0
    0   0]
 [  0   0 900   0   0   0   0   0   0   0   0   0   0   0   0   0   0   0
    0   0]
 [  0   0   0 900   0   0   0   0   0   0   0   0   0   0   0   0   0   0
    0   0]
 [  0   0   0   0 893   7   0   0   0   0   0   0   0   0   0   0   0   0
    0   0]
 [  0   0   0   0   0 900   0   0   0   0   0   0   0   0   0   0   0   0
    0   0]
 [  0   0   0   0   8   0 892   0   0   0   0   0   0   0   0   0   0   0
    0   0]
 [  0   0   0   0   0   0   0 900   0   0   0   0   0   0   0   0   0   0
    0   0]
 [  0   0   0   0   0   0   0   0 900   0   0   0   0   0   0   0   0   0
    0   0]
 [  0   0   0   0   0   0   0   0   0 900   0   0   0   0   0   0   0   0
    0   0]
 [  0   0   0   0   0   0   0   0   0   0 900   0   0   0   0   0   0   0
    0   0]
 [  0   0   0   0   0   0   0   0   0   0   0 900   0   0   0   0   0   0
    0   0]
 [  0   0   0   0   0   0   0   0   0   0   0   0 900   0   0   0   0   0
    0   0]
 [  0   0   0   0   0   0   0   0   0   0   0   0   0 900   0   0   0   0
    0   0]
 [  0   0   0   0   0   0   0   0   0   0   0   0   0   0 900   0   0   0
    0   0]
 [  0   0   0   0   0   0   0   0   0   0   0   0   0   0   0 900   0   0
    0   0]
 [  0   0   0   0   0   0   0   0   0   0   0   0   0   0   0   0 900   0
    0   0]
 [  0   0   0   0   0   0   0   0   0   0   0   0   0   0   0   0   0 900
    0   0]
 [  0   0   0   0   0   0   0   0   0   0   0   0   0   0   0   2   0   0
  898   0]
 [  0   0   0   0   0   0   0   0   0   0   0   0   0   0   0   0   0   0
    0 900]]
[2024-11-07 19:57:58,942][__main__][INFO] - 
              precision    recall  f1-score   support

           0       1.00      1.00      1.00       900
           1       1.00      1.00      1.00       900
           2       1.00      1.00      1.00       900
           3       1.00      1.00      1.00       900
           4       0.99      0.99      0.99       900
           5       0.99      1.00      1.00       900
           6       1.00      0.99      1.00       900
           7       1.00      1.00      1.00       900
           8       1.00      1.00      1.00       900
           9       1.00      1.00      1.00       900
          10       1.00      1.00      1.00       900
          11       1.00      1.00      1.00       900
          12       1.00      1.00      1.00       900
          13       1.00      1.00      1.00       900
          14       1.00      1.00      1.00       900
          15       1.00      1.00      1.00       900
          16       1.00      1.00      1.00       900
          17       1.00      1.00      1.00       900
          18       1.00      1.00      1.00       900
          19       1.00      1.00      1.00       900

    accuracy                           1.00     18000
   macro avg       1.00      1.00      1.00     18000
weighted avg       1.00      1.00      1.00     18000

[2024-11-07 19:57:58,958][__main__][INFO] - 	test
[2024-11-07 19:58:01,428][__main__][INFO] - 
[[ 0  0  0  0  0  0  0  0 30  0  0  0  0  0  0  0  0  0  0  0]
 [ 0 18  0  1  0  0  0  0 10  0  1  0  0  0  0  0  0  0  0  0]
 [ 0  0 10  0  0  0  0  0  0  0  0  0  0  0  1  0  0  0  0  0]
 [ 0  2  0 22  0  0  0  0  6  0  0  0  0  0  0  0  0  0  0  0]
 [ 0  0  0  0  2  3  3  2  7  0  3  0  0  2  6  0  0  0  0  1]
 [ 0  0  0  0  0 16  0  0  8  1  3  0  0  0  1  0  0  0  0  1]
 [ 0  0  0  0  2  1  9  0 12  1  0  0  0  0  0  0  4  0  0  0]
 [ 0  0  0  0  0  0  0 27  3  0  0  0  0  0  0  0  0  0  0  0]
 [ 0  0  0  0  0  0  0  0 30  0  0  0  0  0  0  0  0  0  0  0]
 [ 1  0  0  0  0  0  0  0  8 19  1  0  0  0  1  0  0  0  0  0]
 [ 0  0  0  0  0  0  0  0  8  0 19  0  0  1  1  1  0  0  0  0]
 [ 0  1  0  0  0  0  0  0 18  0  0 10  0  0  1  0  0  0  0  0]
 [ 0  0  0  0  0  0  0  0  2  0  0  0 18  0  0  0  0  0  0  0]
 [ 0  0  0  0  0  0  0  0  3  0  0  0  0 27  0  0  0  0  0  0]
 [ 0  0  0  0  0  0  1  0  5  0  2  0  0  0 22  0  0  0  0  0]
 [ 0  0  0  0  0  0  0  0 14  0  2  0  0  0  0 14  0  0  0  0]
 [ 0  0  0  0  0  0  1  0  5  0  0  0  0  0  0  0 24  0  0  0]
 [ 0  0  0  0  0  0  0  0  3  0  0  0  0  0  0  0  0 27  0  0]
 [ 0  0  0  0  0  0  0  0  0  0  0  0  0  0  0  0  0  0 30  0]
 [ 0  0  0  0  0  0  0  0  0  0  0  0  0  0  0  0  0  0  0 30]]
[2024-11-07 19:58:01,435][__main__][INFO] - 
              precision    recall  f1-score   support

           0       0.00      0.00      0.00        30
           1       0.86      0.60      0.71        30
           2       1.00      0.91      0.95        11
           3       0.96      0.73      0.83        30
           4       0.50      0.07      0.12        29
           5       0.80      0.53      0.64        30
           6       0.64      0.31      0.42        29
           7       0.93      0.90      0.92        30
           8       0.17      1.00      0.30        30
           9       0.90      0.63      0.75        30
          10       0.61      0.63      0.62        30
          11       1.00      0.33      0.50        30
          12       1.00      0.90      0.95        20
          13       0.90      0.90      0.90        30
          14       0.67      0.73      0.70        30
          15       0.93      0.47      0.62        30
          16       0.86      0.80      0.83        30
          17       1.00      0.90      0.95        30
          18       1.00      1.00      1.00        30
          19       0.94      1.00      0.97        30

    accuracy                           0.66       569
   macro avg       0.78      0.67      0.68       569
weighted avg       0.77      0.66      0.67       569

[2024-11-07 19:58:01,560][__main__][INFO] - 
+-------+-------+-------+-------+-----------+---------+------------+---------+-----------------+------------------+-----------+--------+-----------+------+------+------+------+
| epoch | tr/te |  time |  loss | cross_ent | cluster | separation | avg_sep | forgetting_loss | remembering_loss | fix_other |   l1   | dist_pair | accu |  f1  |  rc  |  pr  |
+-------+-------+-------+-------+-----------+---------+------------+---------+-----------------+------------------+-----------+--------+-----------+------+------+------+------+
|  1 i  |   TR  | 78.98 | 33.13 |    0.01   |   0.0   |   -1.42    |  22.28  |      34.51      |       0.0        |    0.0    | 346.46 |   21.41   | 1.0  | 1.0  | 1.0  | 1.0  |
|  1 i  |   TE  |  2.44 |  0.0  |     0     |    0    |     0      |    0    |        0        |        0         |     0     | 346.46 |   21.41   | 0.66 | 0.68 | 0.67 | 0.78 |
+-------+-------+-------+-------+-----------+---------+------------+---------+-----------------+------------------+-----------+--------+-----------+------+------+------+------+
[2024-11-07 19:58:01,670][__main__][INFO] - /usr/project/xtmp/zg78/protodbug/saved_models/cub200_clean_top20/second_round__vgg16__cub200_clean_top20__e=5__we=5__位fix=100.0__+experiment=natural_aggregation
[2024-11-07 19:58:02,032][__main__][INFO] - Run time [m]: 14
